Sun Jul  2 03:06:40 2017
server sent on reference: 50
sending mode: lightReference
Sun Jul  2 03:13:34 2017
server sent temperature reference: 24
sending mode: tempReference
Sun Jul  2 03:13:49 2017
server sent on reference: 50
sending mode: lightReference
Sun Jul  2 03:14:02 2017
server sent temperature reference: 24
sending mode: tempReference
Sun Jul  2 03:14:18 2017
server sent on reference: 50
sending mode: lightReference
Sun Jul  2 03:15:19 2017
server sent on reference: 50
sending mode: lightReference
Sun Jul  2 03:20:12 2017
server sent on reference: 12
sending mode: lightReference
